[    0.000000] Initializing cgroup subsys cpuset
[    0.000000] Initializing cgroup subsys cpu
[    0.000000] Initializing cgroup subsys cpuacct
[    0.000000] Linux version 4.4.0-170-generic (buildd@lcy01-amd64-019) (gcc version 5.4.0 20160609 (Ubuntu 5.4.0-6ubuntu1~16.04.12) ) #199-Ubuntu SMP Thu Nov 14 01:45:04 UTC 2019 (Ubuntu 4.4.0-170.199-generic 4.4.200)
[    0.000000] Command line: BOOT_IMAGE=/boot/vmlinuz-4.4.0-170-generic root=LABEL=cloudimg-rootfs ro console=tty1 console=ttyS0
[    0.000000] KERNEL supported cpus:
[    0.000000]   Intel GenuineIntel
[    0.000000]   AMD AuthenticAMD
[    0.000000]   Centaur CentaurHauls
[    0.000000] x86/fpu: xstate_offset[2]:  576, xstate_sizes[2]:  256
[    0.000000] x86/fpu: Supporting XSAVE feature 0x01: 'x87 floating point registers'
[    0.000000] x86/fpu: Supporting XSAVE feature 0x02: 'SSE registers'
[    0.000000] x86/fpu: Supporting XSAVE feature 0x04: 'AVX registers'
[    0.000000] x86/fpu: Enabled xstate features 0x7, context size is 832 bytes, using 'standard' format.
[    0.000000] e820: BIOS-provided physical RAM map:
[    0.000000] BIOS-e820: [mem 0x0000000000000000-0x000000000009fbff] usable
[    0.000000] BIOS-e820: [mem 0x000000000009fc00-0x000000000009ffff] reserved
[    0.000000] BIOS-e820: [mem 0x00000000000f0000-0x00000000000fffff] reserved
[    0.000000] BIOS-e820: [mem 0x0000000000100000-0x000000007ffeffff] usable
[    0.000000] BIOS-e820: [mem 0x000000007fff0000-0x000000007fffffff] ACPI data
[    0.000000] BIOS-e820: [mem 0x00000000fec00000-0x00000000fec00fff] reserved
[    0.000000] BIOS-e820: [mem 0x00000000fee00000-0x00000000fee00fff] reserved
[    0.000000] BIOS-e820: [mem 0x00000000fffc0000-0x00000000ffffffff] reserved
[    0.000000] NX (Execute Disable) protection: active
[    0.000000] SMBIOS 2.5 present.
[    0.000000] Hypervisor detected: KVM
[    0.000000] Kernel/User page tables isolation: disabled
[    0.000000] e820: last_pfn = 0x7fff0 max_arch_pfn = 0x400000000
[    0.000000] MTRR: Disabled
[    0.000000] x86/PAT: MTRRs disabled, skipping PAT initialization too.
[    0.000000] CPU MTRRs all blank - virtualized system.
[    0.000000] x86/PAT: Configuration [0-7]: WB  WT  UC- UC  WB  WT  UC- UC  
[    0.000000] found SMP MP-table at [mem 0x0009fff0-0x0009ffff] mapped at [ffff88000009fff0]
[    0.000000] Scanning 1 areas for low memory corruption
[    0.000000] RAMDISK: [mem 0x362f8000-0x37173fff]
[    0.000000] ACPI: Early table checksum verification disabled
[    0.000000] ACPI: RSDP 0x00000000000E0000 000024 (v02 VBOX  )
[    0.000000] ACPI: XSDT 0x000000007FFF0030 00003C (v01 VBOX   VBOXXSDT 00000001 ASL  00000061)
[    0.000000] ACPI: FACP 0x000000007FFF00F0 0000F4 (v04 VBOX   VBOXFACP 00000001 ASL  00000061)
[    0.000000] ACPI: DSDT 0x000000007FFF0470 0022EA (v02 VBOX   VBOXBIOS 00000002 INTL 20100528)
[    0.000000] ACPI: FACS 0x000000007FFF0200 000040
[    0.000000] ACPI: FACS 0x000000007FFF0200 000040
[    0.000000] ACPI: APIC 0x000000007FFF0240 000054 (v02 VBOX   VBOXAPIC 00000001 ASL  00000061)
[    0.000000] ACPI: SSDT 0x000000007FFF02A0 0001CC (v01 VBOX   VBOXCPUT 00000002 INTL 20100528)
[    0.000000] No NUMA configuration found
[    0.000000] Faking a node at [mem 0x0000000000000000-0x000000007ffeffff]
[    0.000000] NODE_DATA(0) allocated [mem 0x7ffeb000-0x7ffeffff]
[    0.000000] kvm-clock: Using msrs 4b564d01 and 4b564d00
[    0.000000] kvm-clock: cpu 0, msr 0:7ffe3001, primary cpu clock
[    0.000000] kvm-clock: using sched offset of 4637272315 cycles
[    0.000000] clocksource: kvm-clock: mask: 0xffffffffffffffff max_cycles: 0x1cd42e4dffb, max_idle_ns: 881590591483 ns
[    0.000000] Zone ranges:
[    0.000000]   DMA      [mem 0x0000000000001000-0x0000000000ffffff]
[    0.000000]   DMA32    [mem 0x0000000001000000-0x000000007ffeffff]
[    0.000000]   Normal   empty
[    0.000000]   Device   empty
[    0.000000] Movable zone start for each node
[    0.000000] Early memory node ranges
[    0.000000]   node   0: [mem 0x0000000000001000-0x000000000009efff]
[    0.000000]   node   0: [mem 0x0000000000100000-0x000000007ffeffff]
[    0.000000] Initmem setup node 0 [mem 0x0000000000001000-0x000000007ffeffff]
[    0.000000] ACPI: PM-Timer IO Port: 0x4008
[    0.000000] IOAPIC[0]: apic_id 1, version 32, address 0xfec00000, GSI 0-23
[    0.000000] ACPI: INT_SRC_OVR (bus 0 bus_irq 0 global_irq 2 dfl dfl)
[    0.000000] ACPI: INT_SRC_OVR (bus 0 bus_irq 9 global_irq 9 low level)
[    0.000000] Using ACPI (MADT) for SMP configuration information
[    0.000000] smpboot: Allowing 1 CPUs, 0 hotplug CPUs
[    0.000000] PM: Registered nosave memory: [mem 0x00000000-0x00000fff]
[    0.000000] PM: Registered nosave memory: [mem 0x0009f000-0x0009ffff]
[    0.000000] PM: Registered nosave memory: [mem 0x000a0000-0x000effff]
[    0.000000] PM: Registered nosave memory: [mem 0x000f0000-0x000fffff]
[    0.000000] e820: [mem 0x80000000-0xfebfffff] available for PCI devices
[    0.000000] Booting paravirtualized kernel on KVM
[    0.000000] clocksource: refined-jiffies: mask: 0xffffffff max_cycles: 0xffffffff, max_idle_ns: 7645519600211568 ns
[    0.000000] setup_percpu: NR_CPUS:512 nr_cpumask_bits:512 nr_cpu_ids:1 nr_node_ids:1
[    0.000000] PERCPU: Embedded 33 pages/cpu @ffff88007fc00000 s95448 r8192 d31528 u2097152
[    0.000000] Built 1 zonelists in Node order, mobility grouping on.  Total pages: 515960
[    0.000000] Policy zone: DMA32
[    0.000000] Kernel command line: BOOT_IMAGE=/boot/vmlinuz-4.4.0-170-generic root=LABEL=cloudimg-rootfs ro console=tty1 console=ttyS0
[    0.000000] PID hash table entries: 4096 (order: 3, 32768 bytes)
[    0.000000] Memory: 2030048K/2096696K available (8626K kernel code, 1336K rwdata, 4036K rodata, 1488K init, 1288K bss, 66648K reserved, 0K cma-reserved)
[    0.000000] SLUB: HWalign=64, Order=0-3, MinObjects=0, CPUs=1, Nodes=1
[    0.000000] Hierarchical RCU implementation.
[    0.000000] 	Build-time adjustment of leaf fanout to 64.
[    0.000000] 	RCU restricting CPUs from NR_CPUS=512 to nr_cpu_ids=1.
[    0.000000] RCU: Adjusting geometry for rcu_fanout_leaf=64, nr_cpu_ids=1
[    0.000000] NR_IRQS:33024 nr_irqs:256 16
[    0.000000] Console: colour VGA+ 80x25
[    0.000000] console [tty1] enabled
[    0.000000] console [ttyS0] enabled
[    0.000000] tsc: Detected 1800.002 MHz processor
[    0.420422] Calibrating delay loop (skipped) preset value.. 3600.00 BogoMIPS (lpj=7200008)
[    0.425378] pid_max: default: 32768 minimum: 301
[    0.428173] ACPI: Core revision 20150930
[    0.432075] ACPI: 2 ACPI AML tables successfully acquired and loaded
[    0.435421] Security Framework initialized
[    0.437495] Yama: becoming mindful.
[    0.439435] AppArmor: AppArmor initialized
[    0.448106] Dentry cache hash table entries: 262144 (order: 9, 2097152 bytes)
[    0.452620] Inode-cache hash table entries: 131072 (order: 8, 1048576 bytes)
[    0.457268] Mount-cache hash table entries: 4096 (order: 3, 32768 bytes)
[    0.460456] Mountpoint-cache hash table entries: 4096 (order: 3, 32768 bytes)
[    0.463885] Initializing cgroup subsys io
[    0.465971] Initializing cgroup subsys memory
[    0.468218] Initializing cgroup subsys devices
[    0.471649] Initializing cgroup subsys freezer
[    0.474477] Initializing cgroup subsys net_cls
[    0.476887] Initializing cgroup subsys perf_event
[    0.479129] Initializing cgroup subsys net_prio
[    0.481324] Initializing cgroup subsys hugetlb
[    0.483436] Initializing cgroup subsys pids
[    0.488524] mce: CPU supports 0 MCE banks
[    0.491126] process: using mwait in idle threads
[    0.493324] Last level iTLB entries: 4KB 64, 2MB 8, 4MB 8
[    0.495867] Last level dTLB entries: 4KB 64, 2MB 0, 4MB 0, 1GB 4
[    0.498767] Spectre V1 : Mitigation: usercopy/swapgs barriers and __user pointer sanitization
[    0.503212] Spectre V2 : Mitigation: Enhanced IBRS
[    0.505840] Spectre V2 : Spectre v2 / SpectreRSB mitigation: Filling RSB on context switch
[    0.509977] Speculative Store Bypass: Vulnerable
[    0.570002] Freeing SMP alternatives memory: 36K
[    0.586818] ftrace: allocating 32302 entries in 127 pages
[    0.701691] smpboot: APIC(0) Converting physical 0 to logical package 0
[    0.705118] smpboot: Max logical packages: 1
[    0.707885] x2apic enabled
[    0.709827] Switched APIC routing to physical x2apic.
[    0.714809] ..TIMER: vector=0x30 apic1=0 pin1=2 apic2=-1 pin2=-1
[    0.825701] smpboot: CPU0: Intel(R) Core(TM) i5-8265U CPU @ 1.60GHz (family: 0x6, model: 0x8e, stepping: 0xc)
[    0.830385] Performance Events: unsupported p6 CPU model 142 no PMU driver, software events only.
[    0.856852] KVM setup paravirtual spinlock
[    0.860342] x86: Booted up 1 node, 1 CPUs
[    0.862644] smpboot: Total of 1 processors activated (3600.00 BogoMIPS)
[    0.867940] devtmpfs: initialized
[    0.874396] evm: security.selinux
[    0.876223] evm: security.SMACK64
[    0.878011] evm: security.SMACK64EXEC
[    0.879893] evm: security.SMACK64TRANSMUTE
[    0.882018] evm: security.SMACK64MMAP
[    0.883924] evm: security.ima
[    0.885683] evm: security.capability
[    0.888246] clocksource: jiffies: mask: 0xffffffff max_cycles: 0xffffffff, max_idle_ns: 7645041785100000 ns
[    0.893590] futex hash table entries: 256 (order: 2, 16384 bytes)
[    0.896783] pinctrl core: initialized pinctrl subsystem
[    0.898988] RTC time: 11:05:26, date: 08/19/20
[    0.901497] NET: Registered protocol family 16
[    0.904487] cpuidle: using governor ladder
[    0.906103] cpuidle: using governor menu
[    0.908009] PCCT header not found.
[    0.909438] ACPI: bus type PCI registered
[    0.911123] acpiphp: ACPI Hot Plug PCI Controller Driver version: 0.5
[    0.913976] PCI: Using configuration type 1 for base access
[    0.918294] ACPI: Added _OSI(Module Device)
[    0.920261] ACPI: Added _OSI(Processor Device)
[    0.922191] ACPI: Added _OSI(3.0 _SCP Extensions)
[    0.924171] ACPI: Added _OSI(Processor Aggregator Device)
[    0.927706] ACPI: Executed 1 blocks of module-level executable AML code
[    0.934722] ACPI: Interpreter enabled
[    0.936865] ACPI: (supports S0 S5)
[    0.938624] ACPI: Using IOAPIC for interrupt routing
[    0.941338] PCI: Using host bridge windows from ACPI; if necessary, use "pci=nocrs" and report a bug
[    0.952987] ACPI: PCI Root Bridge [PCI0] (domain 0000 [bus 00-ff])
[    0.956012] acpi PNP0A03:00: _OSC: OS supports [ASPM ClockPM Segments MSI]
[    0.959906] acpi PNP0A03:00: _OSC: not requesting OS control; OS requires [ExtendedConfig ASPM ClockPM MSI]
[    0.964264] acpi PNP0A03:00: fail to add MMCONFIG information, can't access extended PCI configuration space under this bridge.
[    0.970445] PCI host bridge to bus 0000:00
[    0.972745] pci_bus 0000:00: root bus resource [io  0x0000-0x0cf7 window]
[    0.976381] pci_bus 0000:00: root bus resource [io  0x0d00-0xffff window]
[    0.979624] pci_bus 0000:00: root bus resource [mem 0x000a0000-0x000bffff window]
[    0.983494] pci_bus 0000:00: root bus resource [mem 0x80000000-0xfdffffff window]
[    0.988085] pci_bus 0000:00: root bus resource [bus 00-ff]
[    0.994830] pci 0000:00:01.1: legacy IDE quirk: reg 0x10: [io  0x01f0-0x01f7]
[    0.998087] pci 0000:00:01.1: legacy IDE quirk: reg 0x14: [io  0x03f6]
[    1.001119] pci 0000:00:01.1: legacy IDE quirk: reg 0x18: [io  0x0170-0x0177]
[    1.004944] pci 0000:00:01.1: legacy IDE quirk: reg 0x1c: [io  0x0376]
[    1.059450] pci 0000:00:07.0: quirk: [io  0x4000-0x403f] claimed by PIIX4 ACPI
[    1.088252] pci 0000:00:07.0: quirk: [io  0x4100-0x410f] claimed by PIIX4 SMB
[    1.118202] ACPI: PCI Interrupt Link [LNKA] (IRQs 5 9 10 *11)
[    1.122494] ACPI: PCI Interrupt Link [LNKB] (IRQs 5 9 *10 11)
[    1.126610] ACPI: PCI Interrupt Link [LNKC] (IRQs 5 *9 10 11)
[    1.130487] ACPI: PCI Interrupt Link [LNKD] (IRQs 5 9 10 *11)
[    1.134517] ACPI: Enabled 2 GPEs in block 00 to 07
[    1.138127] vgaarb: setting as boot device: PCI:0000:00:02.0
[    1.140786] vgaarb: device added: PCI:0000:00:02.0,decodes=io+mem,owns=io+mem,locks=none
[    1.144864] vgaarb: loaded
[    1.146368] vgaarb: bridge control possible 0000:00:02.0
[    1.155774] SCSI subsystem initialized
[    1.157976] ACPI: bus type USB registered
[    1.160214] usbcore: registered new interface driver usbfs
[    1.162736] usbcore: registered new interface driver hub
[    1.165454] usbcore: registered new device driver usb
[    1.168228] PCI: Using ACPI for IRQ routing
[    1.171075] NetLabel: Initializing
[    1.172926] NetLabel:  domain hash size = 128
[    1.175553] NetLabel:  protocols = UNLABELED CIPSOv4
[    1.178147] NetLabel:  unlabeled traffic allowed by default
[    1.180835] amd_nb: Cannot enumerate AMD northbridges
[    1.183391] clocksource: Switched to clocksource kvm-clock
[    1.207026] AppArmor: AppArmor Filesystem Enabled
[    1.209168] pnp: PnP ACPI init
[    1.212041] pnp: PnP ACPI: found 3 devices
[    1.220032] clocksource: acpi_pm: mask: 0xffffff max_cycles: 0xffffff, max_idle_ns: 2085701024 ns
[    1.224327] NET: Registered protocol family 2
[    1.226131] TCP established hash table entries: 16384 (order: 5, 131072 bytes)
[    1.229113] TCP bind hash table entries: 16384 (order: 6, 262144 bytes)
[    1.232432] TCP: Hash tables configured (established 16384 bind 16384)
[    1.235466] UDP hash table entries: 1024 (order: 3, 32768 bytes)
[    1.237629] UDP-Lite hash table entries: 1024 (order: 3, 32768 bytes)
[    1.240327] NET: Registered protocol family 1
[    1.242204] pci 0000:00:00.0: Limiting direct PCI/PCI transfers
[    1.244595] pci 0000:00:01.0: Activating ISA DMA hang workarounds
[    1.247242] Unpacking initramfs...
[    1.888987] Freeing initrd memory: 14832K
[    1.891389] clocksource: tsc: mask: 0xffffffffffffffff max_cycles: 0x19f22b76be8, max_idle_ns: 440795216487 ns
[    1.896427] platform rtc_cmos: registered platform RTC device (no PNP device found)
[    1.900312] Scanning for low memory corruption every 60 seconds
[    1.903370] audit: initializing netlink subsys (disabled)
[    1.905947] audit: type=2000 audit(1597835133.456:1): initialized
[    1.909065] Initialise system trusted keyring
[    1.910904] HugeTLB registered 2 MB page size, pre-allocated 0 pages
[    1.916096] zbud: loaded
[    1.917966] VFS: Disk quotas dquot_6.6.0
[    1.920149] VFS: Dquot-cache hash table entries: 512 (order 0, 4096 bytes)
[    1.923679] squashfs: version 4.0 (2009/01/31) Phillip Lougher
[    1.926897] fuse init (API version 7.23)
[    1.929148] Key type big_key registered
[    1.931065] Allocating IMA MOK and blacklist keyrings.
[    1.933856] Key type asymmetric registered
[    1.935929] Asymmetric key parser 'x509' registered
[    1.938568] Block layer SCSI generic (bsg) driver version 0.4 loaded (major 249)
[    1.942422] io scheduler noop registered
[    1.944664] io scheduler deadline registered (default)
[    1.947326] io scheduler cfq registered
[    1.949595] pci_hotplug: PCI Hot Plug PCI Core version: 0.5
[    1.952540] pciehp: PCI Express Hot Plug Controller Driver version: 0.4
[    1.956424] ACPI: AC Adapter [AC] (off-line)
[    1.958845] input: Power Button as /devices/LNXSYSTM:00/LNXPWRBN:00/input/input0
[    1.962808] ACPI: Power Button [PWRF]
[    1.964909] input: Sleep Button as /devices/LNXSYSTM:00/LNXSLPBN:00/input/input1
[    1.968795] ACPI: Sleep Button [SLPF]
[    1.973052] ACPI: Battery Slot [BAT0] (battery present)
[    1.975807] GHES: HEST is not enabled!
[    1.977908] Serial: 8250/16550 driver, 32 ports, IRQ sharing enabled
[    2.002509] 00:02: ttyS0 at I/O 0x3f8 (irq = 4, base_baud = 115200) is a 16550A
[    2.008177] Linux agpgart interface v0.103
[    2.012170] loop: module loaded
[    2.014863] scsi host0: ata_piix
[    2.016728] scsi host1: ata_piix
[    2.018658] ata1: PATA max UDMA/33 cmd 0x1f0 ctl 0x3f6 bmdma 0xd000 irq 14
[    2.021517] ata2: PATA max UDMA/33 cmd 0x170 ctl 0x376 bmdma 0xd008 irq 15
[    2.025312] libphy: Fixed MDIO Bus: probed
[    2.027317] tun: Universal TUN/TAP device driver, 1.6
[    2.029907] tun: (C) 1999-2004 Max Krasnyansky <maxk@qualcomm.com>
[    2.032918] PPP generic driver version 2.4.2
[    2.035246] ehci_hcd: USB 2.0 'Enhanced' Host Controller (EHCI) Driver
[    2.038284] ehci-pci: EHCI PCI platform driver
[    2.040774] ehci-platform: EHCI generic platform driver
[    2.043345] ohci_hcd: USB 1.1 'Open' Host Controller (OHCI) Driver
[    2.046120] ohci-pci: OHCI PCI platform driver
[    2.048360] ohci-platform: OHCI generic platform driver
[    2.051116] uhci_hcd: USB Universal Host Controller Interface driver
[    2.054254] i8042: PNP: PS/2 Controller [PNP0303:PS2K,PNP0f03:PS2M] at 0x60,0x64 irq 1,12
[    2.059128] serio: i8042 KBD port at 0x60,0x64 irq 1
[    2.061493] serio: i8042 AUX port at 0x60,0x64 irq 12
[    2.064197] mousedev: PS/2 mouse device common for all mice
[    2.067330] input: AT Translated Set 2 keyboard as /devices/platform/i8042/serio0/input/input2
[    2.071321] rtc_cmos rtc_cmos: rtc core: registered rtc_cmos as rtc0
[    2.074391] rtc_cmos rtc_cmos: alarms up to one day, 114 bytes nvram
[    2.076950] i2c /dev entries driver
[    2.078508] device-mapper: uevent: version 1.0.3
[    2.080998] device-mapper: ioctl: 4.34.0-ioctl (2015-10-28) initialised: dm-devel@redhat.com
[    2.084925] ledtrig-cpu: registered to indicate activity on CPUs
[    2.087536] NET: Registered protocol family 10
[    2.089565] NET: Registered protocol family 17
[    2.091981] Key type dns_resolver registered
[    2.094546] registered taskstats version 1
[    2.096646] Loading compiled-in X.509 certificates
[    2.100954] Loaded X.509 cert 'Build time autogenerated kernel key: f0e56e97f406068ace47a9bf54316e9855aaaa43'
[    2.107654] zswap: loaded using pool lzo/zbud
[    2.114168] Key type trusted registered
[    2.124259] Key type encrypted registered
[    2.126937] AppArmor: AppArmor sha1 policy hashing enabled
[    2.130757] ima: No TPM chip found, activating TPM-bypass!
[    2.134496] ima: Allocated hash algorithm: sha1
[    2.138195] evm: HMAC attrs: 0x1
[    2.140912]   Magic number: 0:120:75
[    2.143706] rtc_cmos rtc_cmos: setting system clock to 2020-08-19 11:05:27 UTC (1597835127)
[    2.148893] BIOS EDD facility v0.16 2004-Jun-25, 0 devices found
[    2.152418] EDD information not available.
[    2.182945] Freeing unused kernel memory: 1488K
[    2.185361] Write protecting the kernel read-only data: 14336k
[    2.188836] Freeing unused kernel memory: 1604K
[    2.191605] Freeing unused kernel memory: 60K
Loading, please wait...
starting version 229
[    2.220713] random: systemd-udevd: uninitialized urandom read (16 bytes read, 5 bits of entropy available)
[    2.226022] random: udevadm: uninitialized urandom read (16 bytes read, 5 bits of entropy available)
[    2.230503] random: systemd-udevd: uninitialized urandom read (16 bytes read, 5 bits of entropy available)
[    2.235693] random: udevadm: uninitialized urandom read (16 bytes read, 5 bits of entropy available)
[    2.240873] random: systemd-udevd: uninitialized urandom read (16 bytes read, 5 bits of entropy available)
[    2.247524] random: systemd-udevd: uninitialized urandom read (16 bytes read, 5 bits of entropy available)
[    2.261102] random: systemd-udevd: uninitialized urandom read (16 bytes read, 5 bits of entropy available)
[    2.268178] random: systemd-udevd: uninitialized urandom read (16 bytes read, 5 bits of entropy available)
[    2.274415] random: udevadm: uninitialized urandom read (16 bytes read, 5 bits of entropy available)
[    2.278556] random: systemd-udevd: uninitialized urandom read (16 bytes read, 5 bits of entropy available)
[    2.386757] e1000: Intel(R) PRO/1000 Network Driver - version 7.3.21-k8-NAPI
[    2.389511] e1000: Copyright (c) 1999-2006 Intel Corporation.
[    2.395454] Fusion MPT base driver 3.04.20
[    2.397565] Copyright (c) 1999-2008 LSI Corporation
[    2.443177] Fusion MPT SPI Host driver 3.04.20
[    2.502071] AVX2 version of gcm_enc/dec engaged.
[    2.504527] AES CTR mode by8 optimization enabled
[    2.637970] input: ImExPS/2 Generic Explorer Mouse as /devices/platform/i8042/serio1/input/input4
[    2.944911] e1000 0000:00:03.0 eth0: (PCI:33MHz:32-bit) 02:bf:1c:77:ff:98
[    2.948087] e1000 0000:00:03.0 eth0: Intel(R) PRO/1000 Network Connection
[    2.952344] mptbase: ioc0: Initiating bringup
[    3.016641] ioc0: LSI53C1030 A0: Capabilities={Initiator}
[    3.184376] scsi host2: ioc0: LSI53C1030 A0, FwRev=00000000h, Ports=1, MaxQ=256, IRQ=20
[    3.308318] scsi 2:0:0:0: Direct-Access     VBOX     HARDDISK         1.0  PQ: 0 ANSI: 5
[    3.314814] scsi target2:0:0: Beginning Domain Validation
[    3.325559] scsi target2:0:0: Domain Validation skipping write tests
[    3.329986] scsi target2:0:0: Ending Domain Validation
[    3.341371] scsi target2:0:0: asynchronous
[    3.373644] scsi 2:0:1:0: Direct-Access     VBOX     HARDDISK         1.0  PQ: 0 ANSI: 5
[    3.383882] scsi target2:0:1: Beginning Domain Validation
[    3.444010] scsi target2:0:1: Domain Validation skipping write tests
[    3.446938] scsi target2:0:1: Ending Domain Validation
[    3.460618] scsi target2:0:1: asynchronous
[    3.609387] sd 2:0:0:0: Attached scsi generic sg0 type 0
[    3.611567] sd 2:0:0:0: [sda] 20971520 512-byte logical blocks: (10.7 GB/10.0 GiB)
[    3.630330] sd 2:0:1:0: [sdb] 20480 512-byte logical blocks: (10.5 MB/10.0 MiB)
[    3.635403] sd 2:0:1:0: Attached scsi generic sg1 type 0
[    3.638993] sd 2:0:1:0: [sdb] Write Protect is off
[    3.653984] sd 2:0:1:0: [sdb] Incomplete mode parameter data
[    3.656774] sd 2:0:1:0: [sdb] Assuming drive cache: write through
[    3.678887] sd 2:0:0:0: [sda] Write Protect is off
[    3.692936] sd 2:0:0:0: [sda] Incomplete mode parameter data
[    3.695571] sd 2:0:0:0: [sda] Assuming drive cache: write through
[    3.712186]  sda: sda1
[    3.714483] sd 2:0:1:0: [sdb] Attached SCSI disk
[    3.718127] sd 2:0:0:0: [sda] Attached SCSI disk
[    3.877385] e1000 0000:00:08.0 eth1: (PCI:33MHz:32-bit) 08:00:27:d8:7b:e2
[    3.880628] e1000 0000:00:08.0 eth1: Intel(R) PRO/1000 Network Connection
[    3.885630] e1000 0000:00:03.0 enp0s3: renamed from eth0
[    3.891030] e1000 0000:00:08.0 enp0s8: renamed from eth1
Begin: Loading essential drivers ... [    5.575531] md: linear personality registered for level -1
[    5.584414] md: multipath personality registered for level -4
[    5.592845] md: raid0 personality registered for level 0
[    5.603190] md: raid1 personality registered for level 1
[    5.679565] raid6: sse2x1   gen()  4124 MB/s
[    5.747450] raid6: sse2x1   xor()  2771 MB/s
[    5.815839] raid6: sse2x2   gen()  5731 MB/s
[    5.883557] raid6: sse2x2   xor()  3660 MB/s
[    5.951481] raid6: sse2x4   gen()  6458 MB/s
[    6.019510] raid6: sse2x4   xor()  4339 MB/s
[    6.087797] raid6: avx2x1   gen() 10262 MB/s
[    6.155646] raid6: avx2x2   gen() 10840 MB/s
[    6.224066] raid6: avx2x4   gen() 11271 MB/s
[    6.226268] raid6: using algorithm avx2x4 gen() 11271 MB/s
[    6.228873] raid6: using avx2x2 recovery algorithm
[    6.234713] xor: automatically using best checksumming function:
[    6.275495]    avx       :  9469.000 MB/sec
[    6.281306] async_tx: api initialized (async)
[    6.310018] md: raid6 personality registered for level 6
[    6.312948] md: raid5 personality registered for level 5
[    6.315691] md: raid4 personality registered for level 4
[    6.332519] md: raid10 personality registered for level 10
done.
Begin: Running /scripts/init-premount ... done.
Begin: Mounting root file system ... Begin: Running /scripts/local-top ... done.
Begin: Running /scripts/local-premount ... [    6.398963] Btrfs loaded
Scanning for Btrfs filesystems
done.
Warning: fsck not present, so skipping root file system
[    6.458407] EXT4-fs (sda1): mounted filesystem with ordered data mode. Opts: (null)
done.
Begin: Running /scripts/local-bottom ... done.
Begin: Running /scripts/init-bottom ... done.
[    6.619370] systemd[1]: systemd 229 running in system mode. (+PAM +AUDIT +SELINUX +IMA +APPARMOR +SMACK +SYSVINIT +UTMP +LIBCRYPTSETUP +GCRYPT +GNUTLS +ACL +XZ -LZ4 +SECCOMP +BLKID +ELFUTILS +KMOD -IDN)
[    6.626738] systemd[1]: Detected virtualization oracle.
[    6.628933] systemd[1]: Detected architecture x86-64.

Welcome to [1mUbuntu 16.04.6 LTS[0m!

[    6.640468] systemd[1]: Set hostname to <ubuntu>.
[    6.646042] systemd[1]: Initializing machine ID from random generator.
[    6.649302] systemd[1]: Installed transient /etc/machine-id file.
[    6.881136] systemd[1]: Listening on LVM2 metadata daemon socket.
[[0;32m  OK  [0m] Listening on LVM2 metadata daemon socket.
[    6.885975] systemd[1]: Started Trigger resolvconf update for networkd DNS.
[[0;32m  OK  [0m] Started Trigger resolvconf update for networkd DNS.
[    6.895931] systemd[1]: Listening on Journal Socket (/dev/log).
[[0;32m  OK  [0m] Listening on Journal Socket (/dev/log).
[    6.907825] systemd[1]: Listening on Syslog Socket.
[[0;32m  OK  [0m] Listening on Syslog Socket.
[    6.912297] systemd[1]: Created slice User and Session Slice.
[[0;32m  OK  [0m] Created slice User and Session Slice.
[    6.916716] systemd[1]: Reached target Swap.
[[0;32m  OK  [0m] Reached target Swap.
[    6.920234] systemd[1]: Started Forward Password Requests to Wall Directory Watch.
[[0;32m  OK  [0m] Started Forward Password Requests to Wall Directory Watch.
[    6.926069] systemd[1]: Set up automount Arbitrary Executable File Formats File System Automount Point.
[[0;32m  OK  [0m] Set up automount Arbitrary Executab...ats File System Automount Point.
[    6.940156] systemd[1]: Listening on Journal Socket.
[[0;32m  OK  [0m] Listening on Journal Socket.
[    6.943997] systemd[1]: Reached target User and Group Name Lookups.
[[0;32m  OK  [0m] Reached target User and Group Name Lookups.
[    6.949290] systemd[1]: Listening on LVM2 poll daemon socket.
[[0;32m  OK  [0m] Listening on LVM2 poll daemon socket.
[    6.954050] systemd[1]: Listening on Journal Audit Socket.
[[0;32m  OK  [0m] Listening on Journal Audit Socket.
[    6.964451] systemd[1]: Listening on /dev/initctl Compatibility Named Pipe.
[[0;32m  OK  [0m] Listening on /dev/initctl Compatibility Named Pipe.
[    6.970227] systemd[1]: Listening on Device-mapper event daemon FIFOs.
[[0;32m  OK  [0m] Listening on Device-mapper event daemon FIFOs.
[    6.974830] systemd[1]: Reached target System Time Synchronized.
[[0;32m  OK  [0m] Reached target System Time Synchronized.
[    6.979939] systemd[1]: Listening on udev Kernel Socket.
[[0;32m  OK  [0m] Listening on udev Kernel Socket.
[    6.991841] systemd[1]: Listening on udev Control Socket.
[[0;32m  OK  [0m] Listening on udev Control Socket.
[    7.004679] systemd[1]: Created slice System Slice.
[[0;32m  OK  [0m] Created slice System Slice.
[    7.063807] systemd[1]: Starting Load Kernel Modules...
         Starting Load Kernel Modules...
[    7.078498] systemd[1]: Starting Monitoring of LVM2 mirrors, snapshots etc. using dmeventd or progress polling...
         Starting Monitoring of LVM2 mirrors... dmeventd or progress polling...
[    7.092541] systemd[1]: Reached target Slices.
[[0;32m  OK  [0m] Reached target Slices.
[    7.101304] Loading iSCSI transport class v2.0-870.
[    7.104859] systemd[1]: Starting Journal Service...
         Starting Journal Service...
[    7.114868] systemd[1]: Starting Remount Root and Kernel File Systems...
         Starting Remount Root and Kernel File Systems...
[    7.132572] systemd[1]: Starting Uncomplicated firewall...
         Starting Uncomplicated firewall...[    7.137795] EXT4-fs (sda1): re-mounted. Opts: (null)

[    7.142126] systemd[1]: Starting Set console keymap...
         Starting Set console keymap...
[    7.152643] systemd[1]: Mounting Huge Pages File System...
         Mounting Huge Pages File System...
[    7.164456] systemd[1]: Mounting POSIX Message Queue File System...
         Mounting POSIX Message Queue File System...
[    7.176321] systemd[1]: Starting Nameserver information manager...
         Starting Nameserver information manager...
[    7.187535] systemd[1]: Starting Create list of required static device nodes for the current kernel...
[    7.196620] random: nonblocking pool is initialized
         Starting Create list of required st... nodes for the current kernel...
[    7.204461] iscsi: registered transport (tcp)
[    7.207792] systemd[1]: Reached target Encrypted Volumes.
[[0;32m  OK  [0m] Reached target Encrypted Volumes.
[    7.212984] systemd[1]: Mounting Debug File System...
         Mounting Debug File System...
[    7.228503] systemd[1]: Created slice system-serial\x2dgetty.slice.
[[0;32m  OK  [0m] Created slice system-serial\x2dgetty.slice.
[    7.238926] systemd[1]: Mounted Huge Pages File System.
[[0;32m  OK  [0m] Mounted Huge Pages File System.
[    7.248196] systemd[1]: Mounted POSIX Message Queue File System.
[[0;32m  OK  [0m] Mounted POSIX Message Queue File System.
[    7.257693] systemd[1]: Mounted Debug File System.
[[0;32m  OK  [0m] Mounted Debug File System.
[    7.266124] systemd[1]: Started Remount Root and Kernel File Systems.
[[0;32m  OK  [0m] Started Remount Root and Kernel File Systems.
[    7.280300] systemd[1]: Started Uncomplicated firewall.
[[0;32m  OK  [0m] Started Uncomplicated firewall.
[    7.290461] systemd[1]: Started Create list of required static device nodes for the current kernel.
[[0;32m  OK  [0m] Started Create list of required sta...ce nodes for the current kernel.
[    7.313674] systemd[1]: Started Nameserver information manager.
[[0;32m  OK  [0m] Started Nameserver information manager.
[    7.327115] systemd[1]: Started LVM2 metadata daemon.
[[0;32m  OK  [0m] Started LVM2 metadata daemon.
[    7.338891] systemd[1]: Starting Create Static Device Nodes in /dev...
         Starting Create Static Device Nodes in /dev...
[    7.357057] systemd[1]: Starting Load/Save Random Seed...
         Starting Load/Save Random Seed...
[    7.374012] systemd[1]: Starting udev Coldplug all Devices...
         Starting udev Coldplug all Devices...
[    7.383950] systemd[1]: Started Journal Service.
[[0;32m  OK  [0m] Started Journal Service.
[[0;32m  OK  [0m] Started Load/Save Random Seed.
         Starting Flush Journal to Persistent Storage...
[    7.432588] systemd-journald[366]: Received request to flush runtime journal from PID 1
[[0;32m  OK  [0m] Started Create Static Device Nodes in /dev.
         Starting udev Kernel Device Manager...
[[0;32m  OK  [0m] Started Flush Journal to Persistent Storage.
[    7.524703] iscsi: registered transport (iser)
[[0;32m  OK  [0m] Started Load Kernel Modules.
         Mounting FUSE Control File System...
         Starting Apply Kernel Variables...
[[0;32m  OK  [0m] Mounted FUSE Control File System.
[[0;32m  OK  [0m] Started Apply Kernel Variables.
[[0;32m  OK  [0m] Started Set console keymap.
[[0;32m  OK  [0m] Started udev Kernel Device Manager.
[[0;32m  OK  [0m] Started udev Coldplug all Devices.
[[0;32m  OK  [0m] Started Dispatch Password Requests to Console Directory Watch.
[[0;32m  OK  [0m] Started Monitoring of LVM2 mirrors,...ng dmeventd or progress polling.
[[0;32m  OK  [0m] Reached target Local File Systems (Pre).
[[0;32m  OK  [0m] Reached target Local File Systems.
         Starting Tell Plymouth To Write Out Runtime Data...
         Starting LSB: AppArmor initialization...
         Starting Set console font and keymap...
         Starting Initial cloud-init job (pre-networking)...
         Starting Create Volatile Files and Directories...
         Starting Commit a transient machine-id on disk...
[[0;32m  OK  [0m] Started Tell Plymouth To Write Out Runtime Data.
[[0;32m  OK  [0m] Started Commit a transient machine-id on disk.
[[0;32m  OK  [0m] Started Create Volatile Files and Directories.
         Starting Update UTMP about System Boot/Shutdown...
[[0;32m  OK  [0m] Started Update UTMP about System Boot/Shutdown.
[[0;32m  OK  [0m] Found device /dev/ttyS0.
[[0;32m  OK  [0m] Listening on Load/Save RF Kill Switch Status /dev/rfkill Watch.
[   11.526550] cloud-init[487]: Cloud-init v. 19.3-41-gc4735dd3-0ubuntu1~16.04.1 running 'init-local' at Wed, 19 Aug 2020 11:05:36 +0000. Up 10.17 seconds.
[[0;32m  OK  [0m] Started Initial cloud-init job (pre-networking).
[[0;32m  OK  [0m] Reached target Network (Pre).
[[0;32m  OK  [0m] Started Set console font and keymap.
[[0;32m  OK  [0m] Created slice system-getty.slice.
[[0;32m  OK  [0m] Started LSB: AppArmor initialization.
         Starting Raise network interfaces...
[[0;32m  OK  [0m] Started Raise network interfaces.
[[0;32m  OK  [0m] Reached target Network.
         Starting Initial cloud-init job (metadata service crawler)...
[   15.009793] cloud-init[960]: Cloud-init v. 19.3-41-gc4735dd3-0ubuntu1~16.04.1 running 'init' at Wed, 19 Aug 2020 11:05:39 +0000. Up 13.62 seconds.
[   15.013124] cloud-init[960]: ci-info: ++++++++++++++++++++++++++++++++++++++Net device info+++++++++++++++++++++++++++++++++++++++
[   15.016259] cloud-init[960]: ci-info: +--------+-------+----------------------------+---------------+--------+-------------------+
[   15.024711] cloud-init[960]: ci-info: | Device |   Up  |          Address           |      Mask     | Scope  |     Hw-Address    |
[   15.027519] cloud-init[960]: ci-info: +--------+-------+----------------------------+---------------+--------+-------------------+
[   15.036693] cloud-init[960]: ci-info: | enp0s3 |  True |         10.0.2.15          | 255.255.255.0 | global | 02:bf:1c:77:ff:98 |
[   15.044888] cloud-init[960]: ci-info: | enp0s3 |  True | fe80::bf:1cff:fe77:ff98/64 |       .       |  link  | 02:bf:1c:77:ff:98 |
[   15.052857] cloud-init[960]: ci-info: | enp0s8 | False |             .              |       .       |   .    | 08:00:27:d8:7b:e2 |
[   15.056998] cloud-init[960]: ci-info: |   lo   |  True |         127.0.0.1          |   255.0.0.0   |  host  |         .         |
[   15.060731] cloud-init[960]: ci-info: |   lo   |  True |          ::1/128           |       .       |  host  |         .         |
[   15.064613] cloud-init[960]: ci-info: +--------+-------+----------------------------+---------------+--------+-------------------+
[   15.072668] cloud-init[960]: ci-info: +++++++++++++++++++++++++++Route IPv4 info++++++++++++++++++++++++++++
[   15.080806] cloud-init[960]: ci-info: +-------+-------------+----------+---------------+-----------+-------+
[   15.088838] cloud-init[960]: ci-info: | Route | Destination | Gateway  |    Genmask    | Interface | Flags |
[   15.091500] cloud-init[960]: ci-info: +-------+-------------+----------+---------------+-----------+-------+
[   15.099075] cloud-init[960]: ci-info: |   0   |   0.0.0.0   | 10.0.2.2 |    0.0.0.0    |   enp0s3  |   UG  |
[   15.102077] cloud-init[960]: ci-info: |   1   |   10.0.2.0  | 0.0.0.0  | 255.255.255.0 |   enp0s3  |   U   |
[   15.109060] cloud-init[960]: ci-info: +-------+-------------+----------+---------------+-----------+-------+
[   15.116637] cloud-init[960]: ci-info: +++++++++++++++++++Route IPv6 info+++++++++++++++++++
[   15.118786] cloud-init[960]: ci-info: +-------+-------------+---------+-----------+-------+
[   15.121112] cloud-init[960]: ci-info: | Route | Destination | Gateway | Interface | Flags |
[   15.128806] cloud-init[960]: ci-info: +-------+-------------+---------+-----------+-------+
[   15.137043] cloud-init[960]: ci-info: |   0   |  fe80::/64  |    ::   |   enp0s3  |   U   |
[   15.140624] cloud-init[960]: ci-info: |   3   |   ff00::/8  |    ::   |   enp0s3  |   U   |
[   15.148666] cloud-init[960]: ci-info: +-------+-------------+---------+-----------+-------+
[   15.156651] cloud-init[960]: Generating public/private rsa key pair.
[   15.158570] cloud-init[960]: Your identification has been saved in /etc/ssh/ssh_host_rsa_key.
[   15.160660] cloud-init[960]: Your public key has been saved in /etc/ssh/ssh_host_rsa_key.pub.
[   15.164655] cloud-init[960]: The key fingerprint is:
[   15.173132] cloud-init[960]: SHA256:9k3fzw6gcqaVwZcvJize4/LmAbkzHkdV8MTlR1+NM9o root@ubuntu-xenial
[   15.175423] cloud-init[960]: The key's randomart image is:
[   15.188426] cloud-init[960]: +---[RSA 2048]----+
[   15.189776] cloud-init[960]: |            .ooo=|
[[0;32m  OK  [0m] Started Initial cloud-init job (metadata service crawler).
[   15.199368] cloud-init[960]: |             +=o+|
[   15.200716] cloud-init[960]: |            .o.o+|
[   15.201394] cloud-init[960]: |         o ...E .|
[   15.201565] cloud-init[960]: |        S + =    |
[   15.202858] cloud-init[960]: |       . * B + . |
[   15.203349] cloud-init[960]: |        B % + + .|
[   15.203811] cloud-init[960]: |       o.&o+ . o.|
[[0;32m  OK  [0m] Reached target System Initialization.
         Starting Socket activation for snappy daemon.
[[0;32m  OK  [0m] Started Message of the Day.
[[0;32m  OK  [0m] Listening on D-Bus System Message Bus Socket.
[   15.207864] cloud-init[960]: |        +*=.   .+|
[   15.216375] cloud-init[960]: +----[SHA256]-----+
[   15.217300] cloud-init[960]: Generating public/private dsa key pair.
[   15.218560] cloud-init[960]: Your identification has been saved in /etc/ssh/ssh_host_dsa_key.
[   15.224347] cloud-init[960]: Your public key has been saved in /etc/ssh/ssh_host_dsa_key.pub.
[   15.232719] cloud-init[960]: The key fingerprint is:
[   15.240372] cloud-init[960]: SHA256:KqG6oktREiwB1XN8n+ZGo+C2bneOe6zr3qcdrl2mY9M root@ubuntu-xenial
[   15.248368] cloud-init[960]: The key's randomart image is:
[   15.256770] cloud-init[960]: +---[DSA 1024]----+
[[   15.268290] cloud-init[960]: |=+.. .           |
[   15.269084] [0;32m  OK  [0m] Started ACPI Events Check.
[[0;32m  OK  [0m] Reached target Paths.
[[0;32m  OK  [0m] Started Daily Cleanup of Temporary Directories.
cloud-init[960]: |... o o .        |
         Starting LXD - unix socket.
[[0;32m  OK  [0m] Listening on ACPID Listen Socket.
[   15.306938] cloud-init[960]: [[0;32m  OK  [0m] Started Daily apt download activities.
[[0;32m  OK  [0m] Listening on UUID daemon activation socket.
[[0;32m  OK  [0m] Started Daily apt upgrade and clean activities.
|.. . o . . .     |
[   15.312976] cloud-init[960]: |  o   .   *      |
[   15.314802] cloud-init[960]: | .  .. .S= .     |
[   15.320411] cloud-init[960]: |  .. .o.. o      |
[   15.322658] cloud-init[960]: | .. .... o  ..o  |[[0;32m  OK  [0m] Reached target Timers.
[[0;32m  OK  [0m] Reached target Network is Online.

         Starting iSCSI initiator daemon (iscsid)...
[[0;32m  OK  [0m] Reached target Cloud-config availability.
[[0;32m  OK  [0m] Listening on Socket activation for snappy daemon.
[[0;32m  OK  [0m] Listening on LXD - unix socket.
[[0;32m  OK  [0m] Reached target Sockets.
[[0;32m  OK  [0m] Reached target Basic System.
[   15.339619] cloud-init[960]: |o.   .o .o++==E  |
[   15.358761] cloud-init[960]: |Bo   o.+BB===o   |
         Starting LSB: MD monitoring daemon...
[[0;32m  OK  [0m] Started FUSE filesystem for LXC.
[   15.362670] cloud-init[960]: [[0;32m  OK  [0m] Started Deferred execution scheduler.
         Starting /etc/rc.local Compatibility...
         +----[SHA256]-----+
Starting Accounts Service...
[[0;32m  OK  [0m] Started D-Bus System Message Bus.
[   15.440057] cloud-init[960]: Generating public/private ecdsa key pair.
[   15.455471] cloud-init[960]: Your identification has been saved in /etc/ssh/ssh_host_ecdsa_key.
[   15.474586] cloud-init[960]: Your public key has been saved in /etc/ssh/ssh_host_ecdsa_key.pub.
[   15.496568] cloud-init[960]: The key fingerprint is:
[   15.514560] cloud-init[960]: SHA256:xHXT1nLINJnTC4m63sjicFK9IxI+xPWdvv4kID4cVvU root@ubuntu-xenial         Starting LSB: Record successful boot for GRUB...
[   15.538785] 
cloud-init[[0;32m  OK  [0m] Started Regular background program processing daemon.
[960]: [[0;32m  OK  [0m] Started ACPI event daemon.
         Starting Login Service...
         Starting LXD - container startup/shutdown...
The key's randomart image is:         Starting Virtualbox guest utils...
         Starting System Logging Service...
         Starting Snappy daemon...
         Starting Pollinate to seed the pseudo random number generator...
[[0;32m  OK  [0m] Started /etc/rc.local Compatibility.
[[0;32m  OK  [0m] Started iSCSI initiator daemon (iscsid).
         Starting Login to default iSCSI targets...

[   15.687568] [[0;32m  OK  [0m] Started Login Service.
[[0;32m  OK  [0m] Started Unattended Upgrades Shutdown.
cloud-init[960]: +---[ECDSA 256]---+
         Starting Authenticate and Authorize Users to Run Privileged Tasks...
[[0;32m  OK  [0m] Started System Logging Service.
[[0;32m  OK  [0m] Started Login to default iSCSI targets.
[[0;32m  OK  [0m] Reached target Remote File Systems (Pre).
[[0;32m  OK  [0m] Reached target Remote File Systems.
         Starting LSB: daemon to balance interrupts for SMP systems...
         Starting LSB: automatic crash report generation...
         Starting LSB: Set the CPU Frequency Scaling governor to "ondemand"...
         Starting Permit User Sessions...
[[0;32m  OK  [0m] Started Permit User Sessions.
         Starting Hold until boot process finishes up...
         Starting Terminate Plymouth Boot Screen...
[[0;32m  OK  [0m[   15.864589] cloud-init[960]: |          ..+++* |
[   15.867617] cloud-init[960]: |       . ..o.+X.+|
] Started Hold until boot process finishes up.
[[0;32m  OK  [0m] Started Terminate Plymouth Boot Screen.
[[0;32m  OK  [0m] Started Getty on tty1.
[[0;32m  OK  [0m] Started Serial Getty on ttyS0.
[[0;32m  OK  [0m] Reached target Login Prompts.
         Starting Set console scheme...
[[0;32m  OK  [0m] Started LSB: MD monitoring daemon.
[[0;32m  OK  [0m] Started Set console scheme.
[   15.989731] cloud-init[960]: |       .o..  E.+.|
[   16.031014] cloud-init[960]: |    . ..+.. .  . |
[[0;32m  OK  [0m] Started LSB: Record successful boot for GRUB.[   16.052638] cloud-init[960]: |     + =S+.o     |
[   16.054272] cloud-init[960]: |    o * o.+      |
[   16.055191] cloud-init[960]: |     * *oooo .   |

[[0;32m  OK  [0m] Started LSB: Set the CPU Frequency Scaling governor to "ondemand".
[[0;32m  OK  [0m] Started Authenticate and Authorize Users to Run Privileged Tasks.
[[0;32m  OK  [0m] Started Accounts Service.
[   16.106654] cloud-init[960]: |      *.o+..+    |
[[0;32m  OK  [0m] Started LSB: daemon to balance interrupts for SMP systems.
[   16.130181] cloud-init[960]: |      ... .o..   |
[   16.144508] cloud-init[960]: +----[SHA256]-----+
[   16.159513] cloud-init[960]: Generating public/private ed25519 key pair.
[   16.163473] cloud-init[[0;32m  OK  [0m] Started LSB: automatic crash report generation.
[960]: Your identification has been saved in /etc/ssh/ssh_host_ed25519_key.
[   16.193244] cloud-init[960]: Your public key has been saved in /etc/ssh/ssh_host_ed25519_key.pub.
[[0;32m  OK  [0m] Started LXD - container startup/shutdown.
[   16.217089] cloud-init[960]: The key fingerprint is:
[   16.226355] cloud-init[960]: SHA256:B/P7hM2kFjgeYPqWSvtGMvI1I1sJKp5aSdYwN/Z2a04 root@ubuntu-xenial
[   16.247058] cloud-init[960]: The key's randomart image is:
[   16.255117] cloud-init[960]: +--[ED25519 256]--+
[   16.272639] cloud-init[960]: |                 |
[   16.280787] cloud-init[960]: |                 |
[   16.294808] cloud-init[960]: |  o + o o        |
[   16.315138] cloud-init[960]: |   *.= . =       |
[   16.316623] cloud-init[960]: |  o.o.o.S + .    |
[   16.321382] cloud-init[960]: |.oo.+oB+ = O     |
[   16.324729] cloud-init[960]: |..+o.O+oE = +    |
[   16.342692] cloud-init[960]: | + .o+.+ . o     |
[   16.344832] cloud-init[960]: |o   oo. .   .    |
[   16.352595] cloud-init[960]: +----[SHA256]-----+
[[0;32m  OK  [0m] Started Virtualbox guest utils.
[[0;32m  OK  [0m] Started Snappy daemon.
         Starting Wait until snapd is fully seeded...
[[0;32m  OK  [0m] Started Pollinate to seed the pseudo random number generator.
         Starting OpenBSD Secure Shell server...
[[0;32m  OK  [0m] Started OpenBSD Secure Shell server.
[[0;32m  OK  [0m] Started Wait until snapd is fully seeded.
[[0;32m  OK  [0m] Reached target Multi-User System.
[[0;32m  OK  [0m] Reached target Graphical Interface.
         Starting Update UTMP about System Runlevel Changes...
         Starting Apply the settings specified in cloud-config...
[[0;32m  OK  [0m] Started Update UTMP about System Runlevel Changes.
[   19.161910] cloud-init[1329]: Generating locales (this might take a while)...
[[0;32m  OK  [0m] Created slice User Slice of vagrant.
         Starting User Manager for UID 1000...
[[0;32m  OK  [0m] Started Session 1 of user vagrant.
[[0;32m  OK  [0m] Started User Manager for UID 1000.

Ubuntu 16.04.6 LTS ubuntu-xenial ttyS0

ubuntu-xenial login: [   22.674470] cloud-init[1329]:   en_US.UTF-8... done
[   22.691332] cloud-init[1329]: Generation complete.
[   23.740536] cloud-init[1329]: Cloud-init v. 19.3-41-gc4735dd3-0ubuntu1~16.04.1 running 'modules:config' at Wed, 19 Aug 2020 11:05:44 +0000. Up 18.96 seconds.
ci-info: no authorized ssh keys fingerprints found for user ubuntu.
<14>Aug 19 11:05:51 ec2: 
<14>Aug 19 11:05:51 ec2: #############################################################
<14>Aug 19 11:05:51 ec2: -----BEGIN SSH HOST KEY FINGERPRINTS-----
<14>Aug 19 11:05:51 ec2: 1024 SHA256:KqG6oktREiwB1XN8n+ZGo+C2bneOe6zr3qcdrl2mY9M root@ubuntu-xenial (DSA)
<14>Aug 19 11:05:51 ec2: 256 SHA256:xHXT1nLINJnTC4m63sjicFK9IxI+xPWdvv4kID4cVvU root@ubuntu-xenial (ECDSA)
<14>Aug 19 11:05:51 ec2: 256 SHA256:B/P7hM2kFjgeYPqWSvtGMvI1I1sJKp5aSdYwN/Z2a04 root@ubuntu-xenial (ED25519)
<14>Aug 19 11:05:51 ec2: 2048 SHA256:9k3fzw6gcqaVwZcvJize4/LmAbkzHkdV8MTlR1+NM9o root@ubuntu-xenial (RSA)
<14>Aug 19 11:05:51 ec2: -----END SSH HOST KEY FINGERPRINTS-----
<14>Aug 19 11:05:51 ec2: #############################################################
-----BEGIN SSH HOST KEY KEYS-----
ecdsa-sha2-nistp256 AAAAE2VjZHNhLXNoYTItbmlzdHAyNTYAAAAIbmlzdHAyNTYAAABBBI+ixD5vWUT02uGtpBsREILJenlOsPD3hPyKwUI7SQiOmQGKzOXc7N9tu4h1ogvqOmUOICKnVZGSLdLlJlU0TYM= root@ubuntu-xenial
ssh-ed25519 AAAAC3NzaC1lZDI1NTE5AAAAINHhAW3UgspkbAeei4lqceQvp4uTH8avsnJb4LKL4js1 root@ubuntu-xenial
ssh-rsa AAAAB3NzaC1yc2EAAAADAQABAAABAQDjOe5SJ5LnNStbZGe0vuPyPvp5kd1QlgW2KLDe7limCbw1G2icMugmrOWBrQjNzV3NYtgXPG9ilN8brGwU2nYsl2wUypuVLpOw9pb6tcSFHn635APc/DheCEkF2aRNPmxV5XpaLPtB39eWWavJSAYlxsG/em64cjQaI+cIaA0IigJfdyCGbdMs7lMBuFkEL1+cKhrZa1BdtTmHE5tD7J4c/HhBIq0qx3ZCi0zc0az/ZM7g1qLUwNdiqrjOgxbdxjg8+FraTqnJajLrIYVyAL7X7n6vl15Bt3MR6p7UiNgeMK3MHL4xNWya/4JEZvLLV1GX7/Q3D6+EahGXaTFnnF4V root@ubuntu-xenial
-----END SSH HOST KEY KEYS-----
[   25.419700] cloud-init[1506]: Cloud-init v. 19.3-41-gc4735dd3-0ubuntu1~16.04.1 running 'modules:final' at Wed, 19 Aug 2020 11:05:51 +0000. Up 25.12 seconds.
[   25.422439] cloud-init[1506]: ci-info: no authorized ssh keys fingerprints found for user ubuntu.
[   25.423912] cloud-init[1506]: Cloud-init v. 19.3-41-gc4735dd3-0ubuntu1~16.04.1 finished at Wed, 19 Aug 2020 11:05:51 +0000. Datasource DataSourceNoCloud [seed=/dev/sdb][dsmode=net].  Up 25.39 seconds
[[0;32m  OK  [0m] Stopped Unattended Upgrades Shutdown.
         Stopping Session 2 of user vagrant.
[[0;32m  OK  [0m] Stopped target Timers.
[[0;32m  OK  [0m] Stopped Daily Cleanup of Temporary Directories.
[[0;32m  OK  [0m] Stopped target Cloud-init target.
         Stopping Session 6 of user vagrant.
[[0;32m  OK  [0m] Stopped Daily apt upgrade and clean activities.
[[0;32m  OK  [0m] Stopped Daily apt download activities.
[[0;32m  OK  [0m] Closed Load/Save RF Kill Switch Status /dev/rfkill Watch.
         Stopping ACPI event daemon...
[[0;32m  OK  [0m] Stopped Message of the Day.
         Stopping Authenticate and Authorize Users to Run Privileged Tasks...
[[0;32m  OK  [0m] Stopped target Graphical Interface.
[[0;32m  OK  [0m] Stopped target System Time Synchronized.
[[0;32m  OK  [0m] Stopped Execute cloud user/final scripts.
[[0;32m  OK  [0m] Stopped Apply the settings specified in cloud-config.
[[0;32m  OK  [0m] Stopped target Cloud-config availability.
         Stopping User Manager for UID 1000...
[[0;32m  OK  [0m] Stopped target Multi-User System.
         Stopping LSB: Set the CPU Frequency Scaling governor to "ondemand"...
         Stopping OpenBSD Secure Shell server...
         Stopping D-Bus System Message Bus...
         Stopping FUSE filesystem for LXC...
         Stopping LSB: automatic crash report generation...
         Stopping Deferred execution scheduler...
         Stopping LXD - container startup/shutdown...
         Stopping LSB: MD monitoring daemon...
[[0;32m  OK  [0m] Stopped target Login Prompts.
         Stopping Getty on tty1...
         Stopping Serial Getty on ttyS0...
[[0;32m  OK  [0m] Stopped Wait until snapd is fully seeded.
         Stopping LSB: daemon to balance interrupts for SMP systems...
         Stopping System Logging Service...
         Stopping Regular background program processing daemon...
         Stopping Virtualbox guest utils...
         Stopping LSB: Record successful boot for GRUB...
         Stopping Accounts Service...
[[0;32m  OK  [0m] Unmounted /var/lib/lxcfs.
[[0;32m  OK  [0m] Stopped Deferred execution scheduler.
[[0;32m  OK  [0m] Stopped Accounts Service.
[[0;32m  OK  [0m] Stopped Regular background program processing daemon.
[[0;32m  OK  [0m] Stopped ACPI event daemon.
[[0;32m  OK  [0m] Stopped System Logging Service.
[[0;32m  OK  [0m] Stopped Authenticate and Authorize Users to Run Privileged Tasks.
[[0;32m  OK  [0m] Stopped Getty on tty1.
[[0;32m  OK  [0m] Stopped Serial Getty on ttyS0.
[[0;32m  OK  [0m] Stopped OpenBSD Secure Shell server.
[[0;32m  OK  [0m] Stopped User Manager for UID 1000.
[[0;32m  OK  [0m] Stopped Session 2 of user vagrant.
[[0;32m  OK  [0m] Stopped Session 6 of user vagrant.
[[0;32m  OK  [0m] Stopped D-Bus System Message Bus.
[[0;32m  OK  [0m] Stopped FUSE filesystem for LXC.
[[0;32m  OK  [0m] Stopped LXD - container startup/shutdown.
[[0;32m  OK  [0m] Stopped LSB: MD monitoring daemon.
[[0;32m  OK  [0m] Stopped LSB: Set the CPU Frequency Scaling governor to "ondemand".
[[0;32m  OK  [0m] Stopped LSB: Record successful boot for GRUB.
[[0;32m  OK  [0m] Removed slice User Slice of vagrant.
         Stopping Login Service...
[[0;32m  OK  [0m] Removed slice system-serial\x2dgetty.slice.
[[0;32m  OK  [0m] Removed slice system-getty.slice.
         Stopping Permit User Sessions...
[[0;32m  OK  [0m] Stopped /etc/rc.local Compatibility.
[[0;32m  OK  [0m] Stopped Login Service.
[[0;32m  OK  [0m] Stopped Permit User Sessions.
[[0;32m  OK  [0m] Stopped LSB: automatic crash report generation.
[[0;32m  OK  [0m] Stopped target User and Group Name Lookups.
[[0;32m  OK  [0m] Stopped LSB: daemon to balance interrupts for SMP systems.
[[0;32m  OK  [0m] Stopped Virtualbox guest utils.
[[0;32m  OK  [0m] Stopped target Basic System.
[[0;32m  OK  [0m] Stopped target Sockets.
[[0;32m  OK  [0m] Closed Syslog Socket.
[[0;32m  OK  [0m] Closed UUID daemon activation socket.
[[0;32m  OK  [0m] Closed ACPID Listen Socket.
[[0;32m  OK  [0m] Closed LXD - unix socket.
[[0;32m  OK  [0m] Closed D-Bus System Message Bus Socket.
[[0;32m  OK  [0m] Closed Socket activation for snappy daemon.
[[0;32m  OK  [0m] Stopped target Paths.
[[0;32m  OK  [0m] Stopped ACPI Events Check.
[[0;32m  OK  [0m] Stopped Dispatch Password Requests to Console Directory Watch.
[[0;32m  OK  [0m] Stopped Forward Password Requests to Wall Directory Watch.
[[0;32m  OK  [0m] Stopped target Slices.
[[0;32m  OK  [0m] Removed slice User and Session Slice.
[[0;32m  OK  [0m] Stopped target System Initialization.
         Stopping Update UTMP about System Boot/Shutdown...
[[0;32m  OK  [0m] Stopped Commit a transient machine-id on disk.
[[0;32m  OK  [0m] Stopped target Swap.
         Stopping Load/Save Random Seed...
[[0;32m  OK  [0m] Stopped target Encrypted Volumes.
[[0;32m  OK  [0m] Stopped target Remote File Systems.
[[0;32m  OK  [0m] Stopped target Remote File Systems (Pre).
         Stopping Login to default iSCSI targets...
[[0;32m  OK  [0m] Stopped Load/Save Random Seed.
[[0;32m  OK  [0m] Stopped Update UTMP about System Boot/Shutdown.
[[0;32m  OK  [0m] Stopped Create Volatile Files and Directories.
[[0;32m  OK  [0m] Stopped Login to default iSCSI targets.
         Stopping iSCSI initiator daemon (iscsid)...
[[0;32m  OK  [0m] Stopped iSCSI initiator daemon (iscsid).
[[0;32m  OK  [0m] Stopped target Network is Online.
[[0;32m  OK  [0m] Stopped Initial cloud-init job (metadata service crawler).
[[0;32m  OK  [0m] Stopped target Network.
         Stopping Raise network interfaces...
[[0;32m  OK  [0m] Stopped Raise network interfaces.
[[0;32m  OK  [0m] Stopped target Network (Pre).
[[0;32m  OK  [0m] Stopped Initial cloud-init job (pre-networking).
[[0;32m  OK  [0m] Stopped Apply Kernel Variables.
[[0;32m  OK  [0m] Stopped Load Kernel Modules.
[[0;32m  OK  [0m] Stopped target Local File Systems.
         Unmounting /run/user/1000...
         Unmounting /sp_cauk_storage...
         Unmounting /sp_mysociety_storage...
         Unmounting /vagrant/stringprint...
         Unmounting /vagrant/current_org...
         Unmounting /sp_alexparsons_storage...
[[0;32m  OK  [0m] Unmounted /run/user/1000.
[[0;32m  OK  [0m] Unmounted /sp_cauk_storage.
[[0;32m  OK  [0m] Unmounted /sp_mysociety_storage.
[[0;32m  OK  [0m] Unmounted /vagrant/stringprint.
[[0;32m  OK  [0m] Unmounted /vagrant/current_org.
[[0;32m  OK  [0m] Unmounted /sp_alexparsons_storage.
[[0;32m  OK  [0m] Reached target Unmount All Filesystems.
[[0;32m  OK  [0m] Stopped target Local File Systems (Pre).
[[0;32m  OK  [0m] Stopped Remount Root and Kernel File Systems.
[[0;32m  OK  [0m] Stopped Create Static Device Nodes in /dev.
[[0;32m  OK  [0m] Reached target Shutdown.
[ 6707.520834] reboot: Power down
